12:57:03.941 [http-bio-8080-exec-11] INFO   - client connected at 1504173423020
16:11:15.543 [http-bio-8080-exec-4] INFO   - 2017-08-31T16:11:15.126 client connected from 0:0:0:0:0:0:0:1
16:14:34.647 [http-bio-8080-exec-4] INFO   - 2017-08-31T16:14:34.364 client connected from 0:0:0:0:0:0:0:1
16:17:37.317 [http-bio-8080-exec-7] INFO   - 2017-08-31T16:17:37.069 client connected from 0:0:0:0:0:0:0:1
16:18:25.949 [http-bio-8080-exec-10] INFO   - 2017-08-31T16:18:25.684 client connected from 0:0:0:0:0:0:0:1
16:18:25.987 [http-bio-8080-exec-10] INFO   - execution complete successfully
16:20:59.783 [http-bio-8080-exec-3] INFO   - 2017-08-31T16:20:59.484 client connected from 0:0:0:0:0:0:0:1
16:20:59.823 [http-bio-8080-exec-3] INFO   - execution complete successfully
16:21:47.748 [http-bio-8080-exec-5] INFO   - 2017-08-31T16:21:47.368 client connected from 0:0:0:0:0:0:0:1
16:21:47.792 [http-bio-8080-exec-5] INFO   - execution complete successfully
16:22:44.235 [http-bio-8080-exec-3] INFO   - 2017-08-31T16:22:43.865 client connected from 0:0:0:0:0:0:0:1
16:22:44.286 [http-bio-8080-exec-3] INFO   - execution complete successfully
16:23:54.916 [http-bio-8080-exec-5] INFO   - 2017-08-31T16:23:54.916 client connected from 0:0:0:0:0:0:0:1
16:23:54.960 [http-bio-8080-exec-5] INFO   - execution complete successfully
16:24:05.420 [http-bio-8080-exec-7] INFO   - 2017-08-31T16:24:05.136 client connected from 0:0:0:0:0:0:0:1
16:24:05.426 [http-bio-8080-exec-7] INFO   - unable to execute shell command
16:25:25.634 [http-bio-8080-exec-11] INFO   - 2017-08-31T16:25:25.343 client connected from 0:0:0:0:0:0:0:1
16:25:25.680 [http-bio-8080-exec-11] INFO   - execution complete successfully
20:43:16.69 [http-bio-8080-exec-3] INFO   - 2017-09-01T20:43:15.735 client connected from 0:0:0:0:0:0:0:1
20:43:16.138 [http-bio-8080-exec-3] INFO   - test execution complete successfully
20:43:24.957 [http-bio-8080-exec-7] INFO   - 2017-09-01T20:43:24.956 client connected from 0:0:0:0:0:0:0:1
20:43:24.993 [http-bio-8080-exec-7] INFO   - test execution complete successfully
